[{"line":2,"elements":[{"line":4,"name":"","description":"","type":"background","keyword":"Background","steps":[{"result":{"duration":15184198100,"status":"passed"},"line":5,"name":"User open the URL of the application","match":{"location":"stepDefnition.StepDefinition.user_open_the_url_of_the_application()"},"keyword":"Given "},{"result":{"duration":1295001600,"status":"passed"},"line":6,"name":"User will enter the username with \"mngr583911\"","match":{"arguments":[{"val":"\"mngr583911\"","offset":34}],"location":"stepDefnition.StepDefinition.user_will_enter_the_username_with(java.lang.String)"},"keyword":"And "},{"result":{"duration":527003300,"status":"passed"},"line":7,"name":"User will enter the password with \"meqEser\"","match":{"arguments":[{"val":"\"meqEser\"","offset":34}],"location":"stepDefnition.StepDefinition.user_will_enter_the_password_with(java.lang.String)"},"keyword":"And "},{"result":{"duration":5075995300,"status":"passed"},"line":8,"name":"User clicks onLogin button","match":{"location":"stepDefnition.StepDefinition.user_clicks_on_login_button()"},"keyword":"When "},{"result":{"duration":1099057600,"status":"passed"},"line":9,"name":"User will be able to login to the application","match":{"location":"stepDefnition.StepDefinition.user_will_be_able_to_login_to_the_application()"},"keyword":"Then "}]},{"start_timestamp":"2024-08-12T03:41:34.081Z","line":27,"name":"Creation of New Customer with all the credentials","description":"","id":"to-create-new-customer-with-all-details;creation-of-new-customer-with-all-the-credentials;;2","type":"scenario","keyword":"Scenario Outline","steps":[{"result":{"duration":5368740800,"status":"passed"},"line":12,"name":"User will click on the new Customer link in the app","match":{"location":"stepDefnition.StepDefinition.user_will_click_on_the_new_customer_link_in_the_app()"},"keyword":"And "},{"result":{"error_message":"org.openqa.selenium.NoSuchElementException: no such element: Unable to locate element: {\"method\":\"xpath\",\"selector\":\"//input[@name='name']\"}\n  (Session info: chrome=127.0.6533.100)\nFor documentation on this error, please visit: https://www.selenium.dev/documentation/webdriver/troubleshooting/errors#no-such-element-exception\nBuild info: version: '4.18.1', revision: 'b1d3319b48'\nSystem info: os.name: 'Windows 10', os.arch: 'amd64', os.version: '10.0', java.version: '17.0.11'\nDriver info: org.openqa.selenium.chrome.ChromeDriver\nCommand: [773c86905b28408fed37bfb07dbb3fea, findElement {value=//input[@name='name'], using=xpath}]\nCapabilities {acceptInsecureCerts: false, browserName: chrome, browserVersion: 127.0.6533.100, chrome: {chromedriverVersion: 126.0.6478.62 (b2781ca4c383..., userDataDir: C:\\Users\\Admin\\AppData\\Loca...}, fedcm:accounts: true, goog:chromeOptions: {debuggerAddress: localhost:54634}, networkConnectionEnabled: false, pageLoadStrategy: normal, platformName: windows, proxy: Proxy(), se:cdp: ws://localhost:54634/devtoo..., se:cdpVersion: 127.0.6533.100, setWindowRect: true, strictFileInteractability: false, timeouts: {implicit: 0, pageLoad: 300000, script: 30000}, unhandledPromptBehavior: dismiss and notify, webauthn:extension:credBlob: true, webauthn:extension:largeBlob: true, webauthn:extension:minPinLength: true, webauthn:extension:prf: true, webauthn:virtualAuthenticators: true}\nSession ID: 773c86905b28408fed37bfb07dbb3fea\r\n\tat java.base/jdk.internal.reflect.NativeConstructorAccessorImpl.newInstance0(Native Method)\r\n\tat java.base/jdk.internal.reflect.NativeConstructorAccessorImpl.newInstance(NativeConstructorAccessorImpl.java:77)\r\n\tat java.base/jdk.internal.reflect.DelegatingConstructorAccessorImpl.newInstance(DelegatingConstructorAccessorImpl.java:45)\r\n\tat java.base/java.lang.reflect.Constructor.newInstanceWithCaller(Constructor.java:499)\r\n\tat java.base/java.lang.reflect.Constructor.newInstance(Constructor.java:480)\r\n\tat org.openqa.selenium.remote.ErrorCodec.decode(ErrorCodec.java:167)\r\n\tat org.openqa.selenium.remote.codec.w3c.W3CHttpResponseCodec.decode(W3CHttpResponseCodec.java:138)\r\n\tat org.openqa.selenium.remote.codec.w3c.W3CHttpResponseCodec.decode(W3CHttpResponseCodec.java:50)\r\n\tat org.openqa.selenium.remote.HttpCommandExecutor.execute(HttpCommandExecutor.java:190)\r\n\tat org.openqa.selenium.remote.service.DriverCommandExecutor.invokeExecute(DriverCommandExecutor.java:216)\r\n\tat org.openqa.selenium.remote.service.DriverCommandExecutor.execute(DriverCommandExecutor.java:174)\r\n\tat org.openqa.selenium.remote.RemoteWebDriver.execute(RemoteWebDriver.java:519)\r\n\tat org.openqa.selenium.remote.ElementLocation$ElementFinder$2.findElement(ElementLocation.java:165)\r\n\tat org.openqa.selenium.remote.ElementLocation.findElement(ElementLocation.java:59)\r\n\tat org.openqa.selenium.remote.RemoteWebDriver.findElement(RemoteWebDriver.java:356)\r\n\tat org.openqa.selenium.remote.RemoteWebDriver.findElement(RemoteWebDriver.java:350)\r\n\tat org.openqa.selenium.support.pagefactory.DefaultElementLocator.findElement(DefaultElementLocator.java:68)\r\n\tat org.openqa.selenium.support.pagefactory.internal.LocatingElementHandler.invoke(LocatingElementHandler.java:38)\r\n\tat jdk.proxy2/jdk.proxy2.$Proxy21.sendKeys(Unknown Source)\r\n\tat PageFactory.NewCustomerCreationAppPage.addCustName(NewCustomerCreationAppPage.java:46)\r\n\tat stepDefnition.StepDefinition.user_will_enter_the_customer_name_as(StepDefinition.java:68)\r\n\tat âœ½.User will enter the customer name in app as \"Rohan KC\"(file:///C:/Users/Admin/eclipse_workspace1/Mahesh_Maven_Project/src/test/java/resources/NewCustomerCreationApp1.feature:13)\r\n","duration":178000700,"status":"failed"},"line":13,"name":"User will enter the customer name in app as \"Rohan KC\"","match":{"arguments":[{"val":"\"Rohan KC\"","offset":44}],"location":"stepDefnition.StepDefinition.user_will_enter_the_customer_name_as(java.lang.String)"},"keyword":"And "},{"result":{"duration":2997800,"status":"skipped"},"line":14,"name":"User will select the gender in app","match":{"location":"stepDefnition.StepDefinition.user_will_select_the_gender_in_app()"},"keyword":"And "},{"result":{"duration":997800,"status":"skipped"},"line":15,"name":"User will enter dOB in app as \"12-06-1980\"","match":{"arguments":[{"val":"\"12-06-1980\"","offset":30}],"location":"stepDefnition.StepDefinition.user_will_enter_d_ob_in_app_as(java.lang.String)"},"keyword":"And "},{"result":{"duration":1997100,"status":"skipped"},"line":16,"name":"User will enter the addrress in app as \"Bangalore\"","match":{"arguments":[{"val":"\"Bangalore\"","offset":39}],"location":"stepDefnition.StepDefinition.user_will_enter_the_addrress_in_app_as(java.lang.String)"},"keyword":"And "},{"result":{"duration":7002300,"status":"skipped"},"line":17,"name":"User will enter the city in app as \"KVN\"","match":{"arguments":[{"val":"\"KVN\"","offset":35}],"location":"stepDefnition.StepDefinition.user_will_enter_the_city_in_app_as(java.lang.String)"},"keyword":"And "},{"result":{"duration":2997500,"status":"skipped"},"line":18,"name":"User will enter the state in app as \"Karnataka\"","match":{"arguments":[{"val":"\"Karnataka\"","offset":36}],"location":"stepDefnition.StepDefinition.user_will_enter_the_state_in_app_as(java.lang.String)"},"keyword":"And "},{"result":{"duration":3995800,"status":"skipped"},"line":19,"name":"User will enter the pincode in app as \"123457\"","match":{"arguments":[{"val":"\"123457\"","offset":38}],"location":"stepDefnition.StepDefinition.user_will_enter_the_pincode_in_app_as(java.lang.String)"},"keyword":"And "},{"result":{"duration":2997000,"status":"skipped"},"line":20,"name":"User will enter the mobile Number in app as \"9988776653\"","match":{"arguments":[{"val":"\"9988776653\"","offset":44}],"location":"stepDefnition.StepDefinition.user_will_enter_the_mobile_number_in_app_as(java.lang.String)"},"keyword":"And "},{"result":{"duration":1994600,"status":"skipped"},"line":21,"name":"User will enter the emaiul in app as \"abc451@gmail20.com\"","match":{"arguments":[{"val":"\"abc451@gmail20.com\"","offset":37}],"location":"stepDefnition.StepDefinition.user_will_enter_the_emaiul_in_app_as(java.lang.String)"},"keyword":"And "},{"result":{"duration":11001900,"status":"skipped"},"line":22,"name":"User will enter the password in app as \"123456\"","match":{"arguments":[{"val":"\"123456\"","offset":39}],"location":"stepDefnition.StepDefinition.user_will_enter_the_password_in_app_as(java.lang.String)"},"keyword":"And "},{"result":{"duration":2998700,"status":"skipped"},"line":23,"name":"User clicks on Submit button","match":{"location":"stepDefnition.StepDefinition.user_clicks_on_submit_button()"},"keyword":"When "}],"tags":[{"name":"@sanity"}]}],"name":"To Create New customer with all details","description":"","id":"to-create-new-customer-with-all-details","keyword":"Feature","uri":"file:src/test/java/resources/NewCustomerCreationApp1.feature","tags":[{"name":"@sanity","type":"Tag","location":{"line":1,"column":1}}]},{"line":3,"elements":[{"start_timestamp":"2024-08-12T03:42:03.921Z","line":14,"name":"Login Functionality with correct User id and password","description":"","id":"creating-a-login-scenario-for-application;login-functionality-with-correct-user-id-and-password;;2","type":"scenario","keyword":"Scenario Outline","steps":[{"result":{"error_message":"io.cucumber.core.exception.CucumberException: Failed to instantiate class stepDefnition.StepDefinition\r\n\tat io.cucumber.core.backend.DefaultObjectFactory.cacheNewInstance(DefaultObjectFactory.java:67)\r\n\tat io.cucumber.core.backend.DefaultObjectFactory.getInstance(DefaultObjectFactory.java:45)\r\n\tat io.cucumber.java.AbstractGlueDefinition.invokeMethod(AbstractGlueDefinition.java:47)\r\n\tat io.cucumber.java.JavaStepDefinition.execute(JavaStepDefinition.java:29)\r\n\tat io.cucumber.core.runner.CoreStepDefinition.execute(CoreStepDefinition.java:66)\r\n\tat io.cucumber.core.runner.PickleStepDefinitionMatch.runStep(PickleStepDefinitionMatch.java:63)\r\n\tat io.cucumber.core.runner.ExecutionMode$1.execute(ExecutionMode.java:10)\r\n\tat io.cucumber.core.runner.TestStep.executeStep(TestStep.java:84)\r\n\tat io.cucumber.core.runner.TestStep.run(TestStep.java:56)\r\n\tat io.cucumber.core.runner.PickleStepTestStep.run(PickleStepTestStep.java:51)\r\n\tat io.cucumber.core.runner.TestCase.run(TestCase.java:84)\r\n\tat io.cucumber.core.runner.Runner.runPickle(Runner.java:75)\r\n\tat io.cucumber.junit.PickleRunners$NoStepDescriptions.lambda$run$0(PickleRunners.java:151)\r\n\tat io.cucumber.core.runtime.CucumberExecutionContext.lambda$runTestCase$5(CucumberExecutionContext.java:137)\r\n\tat io.cucumber.core.runtime.RethrowingThrowableCollector.executeAndThrow(RethrowingThrowableCollector.java:23)\r\n\tat io.cucumber.core.runtime.CucumberExecutionContext.runTestCase(CucumberExecutionContext.java:137)\r\n\tat io.cucumber.junit.PickleRunners$NoStepDescriptions.run(PickleRunners.java:148)\r\n\tat io.cucumber.junit.FeatureRunner.runChild(FeatureRunner.java:144)\r\n\tat io.cucumber.junit.FeatureRunner.runChild(FeatureRunner.java:28)\r\n\tat org.junit.runners.ParentRunner$3.run(ParentRunner.java:238)\r\n\tat org.junit.runners.ParentRunner$1.schedule(ParentRunner.java:63)\r\n\tat org.junit.runners.ParentRunner.runChildren(ParentRunner.java:236)\r\n\tat org.junit.runners.ParentRunner.access$000(ParentRunner.java:53)\r\n\tat org.junit.runners.ParentRunner$2.evaluate(ParentRunner.java:229)\r\n\tat org.junit.runners.ParentRunner.run(ParentRunner.java:309)\r\n\tat io.cucumber.junit.FeatureRunner.run(FeatureRunner.java:137)\r\n\tat io.cucumber.junit.Cucumber.runChild(Cucumber.java:196)\r\n\tat io.cucumber.junit.Cucumber.runChild(Cucumber.java:89)\r\n\tat org.junit.runners.ParentRunner$3.run(ParentRunner.java:238)\r\n\tat org.junit.runners.ParentRunner$1.schedule(ParentRunner.java:63)\r\n\tat org.junit.runners.ParentRunner.runChildren(ParentRunner.java:236)\r\n\tat org.junit.runners.ParentRunner.access$000(ParentRunner.java:53)\r\n\tat org.junit.runners.ParentRunner$2.evaluate(ParentRunner.java:229)\r\n\tat io.cucumber.core.runtime.CucumberExecutionContext.lambda$runFeatures$6(CucumberExecutionContext.java:148)\r\n\tat io.cucumber.core.runtime.CucumberExecutionContext.execute(CucumberExecutionContext.java:163)\r\n\tat io.cucumber.core.runtime.CucumberExecutionContext.runFeatures(CucumberExecutionContext.java:146)\r\n\tat io.cucumber.junit.Cucumber$StartAndFinishTestRun.evaluate(Cucumber.java:226)\r\n\tat org.junit.runners.ParentRunner.run(ParentRunner.java:309)\r\n\tat org.eclipse.jdt.internal.junit4.runner.JUnit4TestReference.run(JUnit4TestReference.java:93)\r\n\tat org.eclipse.jdt.internal.junit.runner.TestExecution.run(TestExecution.java:40)\r\n\tat org.eclipse.jdt.internal.junit.runner.RemoteTestRunner.runTests(RemoteTestRunner.java:529)\r\n\tat org.eclipse.jdt.internal.junit.runner.RemoteTestRunner.runTests(RemoteTestRunner.java:757)\r\n\tat org.eclipse.jdt.internal.junit.runner.RemoteTestRunner.run(RemoteTestRunner.java:452)\r\n\tat org.eclipse.jdt.internal.junit.runner.RemoteTestRunner.main(RemoteTestRunner.java:210)\r\nCaused by: java.lang.reflect.InvocationTargetException\r\n\tat java.base/jdk.internal.reflect.NativeConstructorAccessorImpl.newInstance0(Native Method)\r\n\tat java.base/jdk.internal.reflect.NativeConstructorAccessorImpl.newInstance(NativeConstructorAccessorImpl.java:77)\r\n\tat java.base/jdk.internal.reflect.DelegatingConstructorAccessorImpl.newInstance(DelegatingConstructorAccessorImpl.java:45)\r\n\tat java.base/java.lang.reflect.Constructor.newInstanceWithCaller(Constructor.java:499)\r\n\tat java.base/java.lang.reflect.Constructor.newInstance(Constructor.java:480)\r\n\tat io.cucumber.core.backend.DefaultObjectFactory.cacheNewInstance(DefaultObjectFactory.java:53)\r\n\t... 43 more\r\nCaused by: org.openqa.selenium.NoSuchWindowException: no such window: target window already closed\nfrom unknown error: web view not found\n  (Session info: chrome=127.0.6533.100)\nBuild info: version: '4.18.1', revision: 'b1d3319b48'\nSystem info: os.name: 'Windows 10', os.arch: 'amd64', os.version: '10.0', java.version: '17.0.11'\nDriver info: org.openqa.selenium.chrome.ChromeDriver\nCommand: [8abb6300e759ccf5b9cf41892ce693b4, maximizeCurrentWindow {}]\nCapabilities {acceptInsecureCerts: false, browserName: chrome, browserVersion: 127.0.6533.100, chrome: {chromedriverVersion: 126.0.6478.62 (b2781ca4c383..., userDataDir: C:\\Users\\Admin\\AppData\\Loca...}, fedcm:accounts: true, goog:chromeOptions: {debuggerAddress: localhost:54721}, networkConnectionEnabled: false, pageLoadStrategy: normal, platformName: windows, proxy: Proxy(), se:cdp: ws://localhost:54721/devtoo..., se:cdpVersion: 127.0.6533.100, setWindowRect: true, strictFileInteractability: false, timeouts: {implicit: 0, pageLoad: 300000, script: 30000}, unhandledPromptBehavior: dismiss and notify, webauthn:extension:credBlob: true, webauthn:extension:largeBlob: true, webauthn:extension:minPinLength: true, webauthn:extension:prf: true, webauthn:virtualAuthenticators: true}\nSession ID: 8abb6300e759ccf5b9cf41892ce693b4\r\n\tat java.base/jdk.internal.reflect.NativeConstructorAccessorImpl.newInstance0(Native Method)\r\n\tat java.base/jdk.internal.reflect.NativeConstructorAccessorImpl.newInstance(NativeConstructorAccessorImpl.java:77)\r\n\tat java.base/jdk.internal.reflect.DelegatingConstructorAccessorImpl.newInstance(DelegatingConstructorAccessorImpl.java:45)\r\n\tat java.base/java.lang.reflect.Constructor.newInstanceWithCaller(Constructor.java:499)\r\n\tat java.base/java.lang.reflect.Constructor.newInstance(Constructor.java:480)\r\n\tat org.openqa.selenium.remote.ErrorCodec.decode(ErrorCodec.java:167)\r\n\tat org.openqa.selenium.remote.codec.w3c.W3CHttpResponseCodec.decode(W3CHttpResponseCodec.java:138)\r\n\tat org.openqa.selenium.remote.codec.w3c.W3CHttpResponseCodec.decode(W3CHttpResponseCodec.java:50)\r\n\tat org.openqa.selenium.remote.HttpCommandExecutor.execute(HttpCommandExecutor.java:190)\r\n\tat org.openqa.selenium.remote.service.DriverCommandExecutor.invokeExecute(DriverCommandExecutor.java:216)\r\n\tat org.openqa.selenium.remote.service.DriverCommandExecutor.execute(DriverCommandExecutor.java:174)\r\n\tat org.openqa.selenium.remote.RemoteWebDriver.execute(RemoteWebDriver.java:519)\r\n\tat org.openqa.selenium.remote.RemoteWebDriver.execute(RemoteWebDriver.java:592)\r\n\tat org.openqa.selenium.remote.RemoteWebDriver.execute(RemoteWebDriver.java:596)\r\n\tat org.openqa.selenium.remote.RemoteWebDriver$RemoteWebDriverOptions$RemoteWindow.maximize(RemoteWebDriver.java:1035)\r\n\tat Utilities.BaseClass.initializeDriver(BaseClass.java:43)\r\n\tat stepDefnition.StepDefinition.<init>(StepDefinition.java:18)\r\n\t... 49 more\r\n","duration":23506231400,"status":"failed"},"line":6,"name":"User open the URL of the application","match":{"location":"stepDefnition.StepDefinition.user_open_the_url_of_the_application()"},"keyword":"Given "},{"result":{"duration":2004000,"status":"skipped"},"line":7,"name":"User will enter the username with \"mngr583911\"","match":{"arguments":[{"val":"\"mngr583911\"","offset":34}],"location":"stepDefnition.StepDefinition.user_will_enter_the_username_with(java.lang.String)"},"keyword":"And "},{"result":{"duration":2003200,"status":"skipped"},"line":8,"name":"User will enter the password with \"meqEser\"","match":{"arguments":[{"val":"\"meqEser\"","offset":34}],"location":"stepDefnition.StepDefinition.user_will_enter_the_password_with(java.lang.String)"},"keyword":"And "},{"result":{"duration":2001700,"status":"skipped"},"line":9,"name":"User clicks onLogin button","match":{"location":"stepDefnition.StepDefinition.user_clicks_on_login_button()"},"keyword":"When "},{"result":{"duration":2993500,"status":"skipped"},"line":10,"name":"User will be able to login to the application","match":{"location":"stepDefnition.StepDefinition.user_will_be_able_to_login_to_the_application()"},"keyword":"Then "}],"tags":[{"name":"@sanity"}]}],"name":"Creating a Login Scenario for application","description":"","id":"creating-a-login-scenario-for-application","keyword":"Feature","uri":"file:src/test/java/resources/NewLogin.feature","tags":[{"name":"@sanity","type":"Tag","location":{"line":1,"column":1}}]}]